# JRE version: Java(TM) SE Runtime Environment (12.0.2+10) (build 12.0.2+10)
# Java VM: Java HotSpot(TM) 64-Bit Server VM (12.0.2+10, mixed mode, sharing, tiered, compressed oops, g1 gc, windows-amd64)
Heap:
 garbage-first heap   total 46080K, used 22506K [0x0000000080a00000, 0x0000000100000000)
  region size 1024K, 2 young (2048K), 1 survivors (1024K)
 Metaspace       used 52111K, capacity 53654K, committed 54144K, reserved 1095680K
  class space    used 6775K, capacity 7383K, committed 7552K, reserved 1048576K
GC Heap History (10 events):
Event: 2281.330 GC heap before
{Heap before GC invocations=28 (full 0):
 garbage-first heap   total 46080K, used 25865K [0x0000000080a00000, 0x0000000100000000)
  region size 1024K, 2 young (2048K), 1 survivors (1024K)
 Metaspace       used 52010K, capacity 53624K, committed 53888K, reserved 1095680K
  class space    used 6804K, capacity 7453K, committed 7552K, reserved 1048576K
}
Event: 2281.412 GC heap after
{Heap after GC invocations=29 (full 0):
 garbage-first heap   total 46080K, used 24826K [0x0000000080a00000, 0x0000000100000000)
  region size 1024K, 1 young (1024K), 1 survivors (1024K)
 Metaspace       used 52010K, capacity 53624K, committed 53888K, reserved 1095680K
  class space    used 6804K, capacity 7453K, committed 7552K, reserved 1048576K
}
Event: 2531.669 GC heap before
{Heap before GC invocations=29 (full 0):
 garbage-first heap   total 46080K, used 25850K [0x0000000080a00000, 0x0000000100000000)
  region size 1024K, 2 young (2048K), 1 survivors (1024K)
 Metaspace       used 52069K, capacity 53752K, committed 54144K, reserved 1095680K
  class space    used 6804K, capacity 7453K, committed 7552K, reserved 1048576K
}
Event: 2531.712 GC heap after
{Heap after GC invocations=30 (full 0):
 garbage-first heap   total 46080K, used 24845K [0x0000000080a00000, 0x0000000100000000)
  region size 1024K, 1 young (1024K), 1 survivors (1024K)
 Metaspace       used 52069K, capacity 53752K, committed 54144K, reserved 1095680K
  class space    used 6804K, capacity 7453K, committed 7552K, reserved 1048576K
}
Event: 2791.675 GC heap before
{Heap before GC invocations=31 (full 0):
 garbage-first heap   total 46080K, used 25869K [0x0000000080a00000, 0x0000000100000000)
  region size 1024K, 2 young (2048K), 1 survivors (1024K)
 Metaspace       used 52017K, capacity 53580K, committed 54144K, reserved 1095680K
  class space    used 6766K, capacity 7381K, committed 7552K, reserved 1048576K
}
Event: 2792.424 GC heap after
{Heap after GC invocations=32 (full 0):
 garbage-first heap   total 46080K, used 24819K [0x0000000080a00000, 0x0000000100000000)
  region size 1024K, 1 young (1024K), 1 survivors (1024K)
 Metaspace       used 52017K, capacity 53580K, committed 54144K, reserved 1095680K
  class space    used 6766K, capacity 7381K, committed 7552K, reserved 1048576K
}
Event: 3051.317 GC heap before
{Heap before GC invocations=32 (full 0):
 garbage-first heap   total 46080K, used 25843K [0x0000000080a00000, 0x0000000100000000)
  region size 1024K, 2 young (2048K), 1 survivors (1024K)
 Metaspace       used 52025K, capacity 53581K, committed 54144K, reserved 1095680K
  class space    used 6766K, capacity 7381K, committed 7552K, reserved 1048576K
}
Event: 3052.002 GC heap after
{Heap after GC invocations=33 (full 0):
 garbage-first heap   total 46080K, used 23099K [0x0000000080a00000, 0x0000000100000000)
  region size 1024K, 1 young (1024K), 1 survivors (1024K)
 Metaspace       used 52025K, capacity 53581K, committed 54144K, reserved 1095680K
  class space    used 6766K, capacity 7381K, committed 7552K, reserved 1048576K
}
Event: 3284.248 GC heap before
{Heap before GC invocations=33 (full 0):
 garbage-first heap   total 46080K, used 24123K [0x0000000080a00000, 0x0000000100000000)
  region size 1024K, 2 young (2048K), 1 survivors (1024K)
 Metaspace       used 52043K, capacity 53581K, committed 54144K, reserved 1095680K
  class space    used 6766K, capacity 7381K, committed 7552K, reserved 1048576K
}
Event: 3285.430 GC heap after
{Heap after GC invocations=34 (full 0):
 garbage-first heap   total 46080K, used 22506K [0x0000000080a00000, 0x0000000100000000)
  region size 1024K, 1 young (1024K), 1 survivors (1024K)
 Metaspace       used 52043K, capacity 53581K, committed 54144K, reserved 1095680K
  class space    used 6766K, capacity 7381K, committed 7552K, reserved 1048576K
}

